The system is: Darwin - 11.2.0 - i386
Compiling the C compiler identification source file "CMakeCCompilerId.c" succeeded.
Compiler: /opt/local/bin/gcc 
Build flags: 
Id flags: 

The output was:
0


Compilation of the C compiler identification source "CMakeCCompilerId.c" produced "a.out"

The C compiler identification is GNU, found in "/Users/bumuckl/Studium/IDP/maracuja/build/CMakeFiles/CompilerIdC/a.out"

Compiling the CXX compiler identification source file "CMakeCXXCompilerId.cpp" succeeded.
Compiler: /opt/local/bin/c++ 
Build flags: 
Id flags: 

The output was:
0


Compilation of the CXX compiler identification source "CMakeCXXCompilerId.cpp" produced "a.out"

The CXX compiler identification is GNU, found in "/Users/bumuckl/Studium/IDP/maracuja/build/CMakeFiles/CompilerIdCXX/a.out"

Determining if the C compiler works passed with the following output:
Change Dir: /Users/bumuckl/Studium/IDP/maracuja/build/CMakeFiles/CMakeTmp

Run Build Command:/usr/bin/make "cmTryCompileExec/fast"
/usr/bin/make -f CMakeFiles/cmTryCompileExec.dir/build.make CMakeFiles/cmTryCompileExec.dir/build
/usr/local/Cellar/cmake/2.8.6/bin/cmake -E cmake_progress_report /Users/bumuckl/Studium/IDP/maracuja/build/CMakeFiles/CMakeTmp/CMakeFiles 1
Building C object CMakeFiles/cmTryCompileExec.dir/testCCompiler.c.o
/opt/local/bin/gcc    -o CMakeFiles/cmTryCompileExec.dir/testCCompiler.c.o   -c /Users/bumuckl/Studium/IDP/maracuja/build/CMakeFiles/CMakeTmp/testCCompiler.c
Linking C executable cmTryCompileExec
/usr/local/Cellar/cmake/2.8.6/bin/cmake -E cmake_link_script CMakeFiles/cmTryCompileExec.dir/link.txt --verbose=1
/opt/local/bin/gcc      -Wl,-search_paths_first -Wl,-headerpad_max_install_names   CMakeFiles/cmTryCompileExec.dir/testCCompiler.c.o  -o cmTryCompileExec  


Detecting C compiler ABI info compiled with the following output:
Change Dir: /Users/bumuckl/Studium/IDP/maracuja/build/CMakeFiles/CMakeTmp

Run Build Command:/usr/bin/make "cmTryCompileExec/fast"
/usr/bin/make -f CMakeFiles/cmTryCompileExec.dir/build.make CMakeFiles/cmTryCompileExec.dir/build
/usr/local/Cellar/cmake/2.8.6/bin/cmake -E cmake_progress_report /Users/bumuckl/Studium/IDP/maracuja/build/CMakeFiles/CMakeTmp/CMakeFiles 1
Building C object CMakeFiles/cmTryCompileExec.dir/CMakeCCompilerABI.c.o
/opt/local/bin/gcc    -o CMakeFiles/cmTryCompileExec.dir/CMakeCCompilerABI.c.o   -c /usr/local/Cellar/cmake/2.8.6/share/cmake/Modules/CMakeCCompilerABI.c
Linking C executable cmTryCompileExec
/usr/local/Cellar/cmake/2.8.6/bin/cmake -E cmake_link_script CMakeFiles/cmTryCompileExec.dir/link.txt --verbose=1
/opt/local/bin/gcc      -Wl,-search_paths_first -Wl,-headerpad_max_install_names -v CMakeFiles/cmTryCompileExec.dir/CMakeCCompilerABI.c.o  -o cmTryCompileExec   
Using built-in specs.
COLLECT_GCC=/opt/local/bin/gcc
COLLECT_LTO_WRAPPER=/opt/local/libexec/gcc/x86_64-apple-darwin11/4.8.0/lto-wrapper
Target: x86_64-apple-darwin11
Configured with: ../gcc-4.8-20130303/configure --prefix=/opt/local --build=x86_64-apple-darwin11 --enable-languages=c,c++,objc,obj-c++,fortran,java --libdir=/opt/local/lib/gcc48 --includedir=/opt/local/include/gcc48 --infodir=/opt/local/share/info --mandir=/opt/local/share/man --datarootdir=/opt/local/share/gcc-4.8 --with-local-prefix=/opt/local --with-system-zlib --disable-nls --program-suffix=-mp-4.8 --with-gxx-include-dir=/opt/local/include/gcc48/c++/ --with-gmp=/opt/local --with-mpfr=/opt/local --with-mpc=/opt/local --with-ppl=/opt/local --with-cloog=/opt/local --enable-cloog-backend=isl --disable-cloog-version-check --enable-stage1-checking --disable-multilib --enable-lto --enable-libstdcxx-time --with-as=/opt/local/bin/as --with-ld=/opt/local/bin/ld --with-ar=/opt/local/bin/ar --with-bugurl=https://trac.macports.org/newticket --with-pkgversion='MacPorts gcc48 4.8-20130303_0'
Thread model: posix
gcc version 4.8.0 20130303 (experimental) (MacPorts gcc48 4.8-20130303_0) 
COMPILER_PATH=/opt/local/libexec/gcc/x86_64-apple-darwin11/4.8.0/:/opt/local/libexec/gcc/x86_64-apple-darwin11/4.8.0/:/opt/local/libexec/gcc/x86_64-apple-darwin11/:/opt/local/lib/gcc48/gcc/x86_64-apple-darwin11/4.8.0/:/opt/local/lib/gcc48/gcc/x86_64-apple-darwin11/
LIBRARY_PATH=/opt/local/lib/gcc48/gcc/x86_64-apple-darwin11/4.8.0/:/opt/local/lib/gcc48/gcc/x86_64-apple-darwin11/4.8.0/../../../:/usr/lib/
COLLECT_GCC_OPTIONS='-mmacosx-version-min=10.7.2' '-v' '-o' 'cmTryCompileExec' '-mtune=core2'
 /opt/local/libexec/gcc/x86_64-apple-darwin11/4.8.0/collect2 -dynamic -arch x86_64 -macosx_version_min 10.7.2 -weak_reference_mismatches non-weak -o cmTryCompileExec -lcrt1.10.6.o -L/opt/local/lib/gcc48/gcc/x86_64-apple-darwin11/4.8.0 -L/opt/local/lib/gcc48/gcc/x86_64-apple-darwin11/4.8.0/../../.. -search_paths_first -headerpad_max_install_names CMakeFiles/cmTryCompileExec.dir/CMakeCCompilerABI.c.o -no_compact_unwind -lSystem -lgcc_ext.10.5 -lgcc -lSystem -v
collect2 version 4.8.0 20130303 (experimental)
/opt/local/bin/ld -dynamic -arch x86_64 -macosx_version_min 10.7.2 -weak_reference_mismatches non-weak -o cmTryCompileExec -lcrt1.10.6.o -L/opt/local/lib/gcc48/gcc/x86_64-apple-darwin11/4.8.0 -L/opt/local/lib/gcc48/gcc/x86_64-apple-darwin11/4.8.0/../../.. -search_paths_first -headerpad_max_install_names CMakeFiles/cmTryCompileExec.dir/CMakeCCompilerABI.c.o -no_compact_unwind -lSystem -lgcc_ext.10.5 -lgcc -lSystem -v
@(#)PROGRAM:ld  PROJECT:ld64-134.9
configured to support archs: i386 x86_64
Library search paths:
	/opt/local/lib/gcc48/gcc/x86_64-apple-darwin11/4.8.0
	/opt/local/lib/gcc48
	/usr/lib
	/usr/local/lib
Framework search paths:
	/Library/Frameworks/
	/System/Library/Frameworks/


Parsed C implicit link information from above output:
  link line regex: [^( *|.*[/\])(ld|ld|collect2)[^/\]*( |$)]
  ignore line: [Change Dir: /Users/bumuckl/Studium/IDP/maracuja/build/CMakeFiles/CMakeTmp]
  ignore line: []
  ignore line: [Run Build Command:/usr/bin/make "cmTryCompileExec/fast"]
  ignore line: [/usr/bin/make -f CMakeFiles/cmTryCompileExec.dir/build.make CMakeFiles/cmTryCompileExec.dir/build]
  ignore line: [/usr/local/Cellar/cmake/2.8.6/bin/cmake -E cmake_progress_report /Users/bumuckl/Studium/IDP/maracuja/build/CMakeFiles/CMakeTmp/CMakeFiles 1]
  ignore line: [Building C object CMakeFiles/cmTryCompileExec.dir/CMakeCCompilerABI.c.o]
  ignore line: [/opt/local/bin/gcc    -o CMakeFiles/cmTryCompileExec.dir/CMakeCCompilerABI.c.o   -c /usr/local/Cellar/cmake/2.8.6/share/cmake/Modules/CMakeCCompilerABI.c]
  ignore line: [Linking C executable cmTryCompileExec]
  ignore line: [/usr/local/Cellar/cmake/2.8.6/bin/cmake -E cmake_link_script CMakeFiles/cmTryCompileExec.dir/link.txt --verbose=1]
  ignore line: [/opt/local/bin/gcc      -Wl,-search_paths_first -Wl,-headerpad_max_install_names -v CMakeFiles/cmTryCompileExec.dir/CMakeCCompilerABI.c.o  -o cmTryCompileExec   ]
  ignore line: [Using built-in specs.]
  ignore line: [COLLECT_GCC=/opt/local/bin/gcc]
  ignore line: [COLLECT_LTO_WRAPPER=/opt/local/libexec/gcc/x86_64-apple-darwin11/4.8.0/lto-wrapper]
  ignore line: [Target: x86_64-apple-darwin11]
  ignore line: [Configured with: ../gcc-4.8-20130303/configure --prefix=/opt/local --build=x86_64-apple-darwin11 --enable-languages=c,c++,objc,obj-c++,fortran,java --libdir=/opt/local/lib/gcc48 --includedir=/opt/local/include/gcc48 --infodir=/opt/local/share/info --mandir=/opt/local/share/man --datarootdir=/opt/local/share/gcc-4.8 --with-local-prefix=/opt/local --with-system-zlib --disable-nls --program-suffix=-mp-4.8 --with-gxx-include-dir=/opt/local/include/gcc48/c++/ --with-gmp=/opt/local --with-mpfr=/opt/local --with-mpc=/opt/local --with-ppl=/opt/local --with-cloog=/opt/local --enable-cloog-backend=isl --disable-cloog-version-check --enable-stage1-checking --disable-multilib --enable-lto --enable-libstdcxx-time --with-as=/opt/local/bin/as --with-ld=/opt/local/bin/ld --with-ar=/opt/local/bin/ar --with-bugurl=https://trac.macports.org/newticket --with-pkgversion='MacPorts gcc48 4.8-20130303_0']
  ignore line: [Thread model: posix]
  ignore line: [gcc version 4.8.0 20130303 (experimental) (MacPorts gcc48 4.8-20130303_0) ]
  ignore line: [COMPILER_PATH=/opt/local/libexec/gcc/x86_64-apple-darwin11/4.8.0/:/opt/local/libexec/gcc/x86_64-apple-darwin11/4.8.0/:/opt/local/libexec/gcc/x86_64-apple-darwin11/:/opt/local/lib/gcc48/gcc/x86_64-apple-darwin11/4.8.0/:/opt/local/lib/gcc48/gcc/x86_64-apple-darwin11/]
  ignore line: [LIBRARY_PATH=/opt/local/lib/gcc48/gcc/x86_64-apple-darwin11/4.8.0/:/opt/local/lib/gcc48/gcc/x86_64-apple-darwin11/4.8.0/../../../:/usr/lib/]
  ignore line: [COLLECT_GCC_OPTIONS='-mmacosx-version-min=10.7.2' '-v' '-o' 'cmTryCompileExec' '-mtune=core2']
  link line: [ /opt/local/libexec/gcc/x86_64-apple-darwin11/4.8.0/collect2 -dynamic -arch x86_64 -macosx_version_min 10.7.2 -weak_reference_mismatches non-weak -o cmTryCompileExec -lcrt1.10.6.o -L/opt/local/lib/gcc48/gcc/x86_64-apple-darwin11/4.8.0 -L/opt/local/lib/gcc48/gcc/x86_64-apple-darwin11/4.8.0/../../.. -search_paths_first -headerpad_max_install_names CMakeFiles/cmTryCompileExec.dir/CMakeCCompilerABI.c.o -no_compact_unwind -lSystem -lgcc_ext.10.5 -lgcc -lSystem -v]
    arg [/opt/local/libexec/gcc/x86_64-apple-darwin11/4.8.0/collect2] ==> ignore
    arg [-dynamic] ==> ignore
    arg [-arch] ==> ignore
    arg [x86_64] ==> ignore
    arg [-macosx_version_min] ==> ignore
    arg [10.7.2] ==> ignore
    arg [-weak_reference_mismatches] ==> ignore
    arg [non-weak] ==> ignore
    arg [-o] ==> ignore
    arg [cmTryCompileExec] ==> ignore
    arg [-lcrt1.10.6.o] ==> lib [crt1.10.6.o]
    arg [-L/opt/local/lib/gcc48/gcc/x86_64-apple-darwin11/4.8.0] ==> dir [/opt/local/lib/gcc48/gcc/x86_64-apple-darwin11/4.8.0]
    arg [-L/opt/local/lib/gcc48/gcc/x86_64-apple-darwin11/4.8.0/../../..] ==> dir [/opt/local/lib/gcc48/gcc/x86_64-apple-darwin11/4.8.0/../../..]
    arg [-search_paths_first] ==> ignore
    arg [-headerpad_max_install_names] ==> ignore
    arg [CMakeFiles/cmTryCompileExec.dir/CMakeCCompilerABI.c.o] ==> ignore
    arg [-no_compact_unwind] ==> ignore
    arg [-lSystem] ==> lib [System]
    arg [-lgcc_ext.10.5] ==> lib [gcc_ext.10.5]
    arg [-lgcc] ==> lib [gcc]
    arg [-lSystem] ==> lib [System]
    arg [-v] ==> ignore
  remove lib [crt1.10.6.o]
  remove lib [System]
  remove lib [gcc_ext.10.5]
  remove lib [gcc]
  remove lib [System]
  collapse dir [/opt/local/lib/gcc48/gcc/x86_64-apple-darwin11/4.8.0] ==> [/opt/local/lib/gcc48/gcc/x86_64-apple-darwin11/4.8.0]
  collapse dir [/opt/local/lib/gcc48/gcc/x86_64-apple-darwin11/4.8.0/../../..] ==> [/opt/local/lib/gcc48]
  implicit libs: []
  implicit dirs: [/opt/local/lib/gcc48/gcc/x86_64-apple-darwin11/4.8.0;/opt/local/lib/gcc48]


Determining if the CXX compiler works passed with the following output:
Change Dir: /Users/bumuckl/Studium/IDP/maracuja/build/CMakeFiles/CMakeTmp

Run Build Command:/usr/bin/make "cmTryCompileExec/fast"
/usr/bin/make -f CMakeFiles/cmTryCompileExec.dir/build.make CMakeFiles/cmTryCompileExec.dir/build
/usr/local/Cellar/cmake/2.8.6/bin/cmake -E cmake_progress_report /Users/bumuckl/Studium/IDP/maracuja/build/CMakeFiles/CMakeTmp/CMakeFiles 1
Building CXX object CMakeFiles/cmTryCompileExec.dir/testCXXCompiler.cxx.o
/opt/local/bin/c++     -o CMakeFiles/cmTryCompileExec.dir/testCXXCompiler.cxx.o -c /Users/bumuckl/Studium/IDP/maracuja/build/CMakeFiles/CMakeTmp/testCXXCompiler.cxx
Linking CXX executable cmTryCompileExec
/usr/local/Cellar/cmake/2.8.6/bin/cmake -E cmake_link_script CMakeFiles/cmTryCompileExec.dir/link.txt --verbose=1
/opt/local/bin/c++       -Wl,-search_paths_first -Wl,-headerpad_max_install_names   CMakeFiles/cmTryCompileExec.dir/testCXXCompiler.cxx.o  -o cmTryCompileExec  


Detecting CXX compiler ABI info compiled with the following output:
Change Dir: /Users/bumuckl/Studium/IDP/maracuja/build/CMakeFiles/CMakeTmp

Run Build Command:/usr/bin/make "cmTryCompileExec/fast"
/usr/bin/make -f CMakeFiles/cmTryCompileExec.dir/build.make CMakeFiles/cmTryCompileExec.dir/build
/usr/local/Cellar/cmake/2.8.6/bin/cmake -E cmake_progress_report /Users/bumuckl/Studium/IDP/maracuja/build/CMakeFiles/CMakeTmp/CMakeFiles 1
Building CXX object CMakeFiles/cmTryCompileExec.dir/CMakeCXXCompilerABI.cpp.o
/opt/local/bin/c++     -o CMakeFiles/cmTryCompileExec.dir/CMakeCXXCompilerABI.cpp.o -c /usr/local/Cellar/cmake/2.8.6/share/cmake/Modules/CMakeCXXCompilerABI.cpp
Linking CXX executable cmTryCompileExec
/usr/local/Cellar/cmake/2.8.6/bin/cmake -E cmake_link_script CMakeFiles/cmTryCompileExec.dir/link.txt --verbose=1
/opt/local/bin/c++       -Wl,-search_paths_first -Wl,-headerpad_max_install_names -v CMakeFiles/cmTryCompileExec.dir/CMakeCXXCompilerABI.cpp.o  -o cmTryCompileExec   
Using built-in specs.
COLLECT_GCC=/opt/local/bin/c++
COLLECT_LTO_WRAPPER=/opt/local/libexec/gcc/x86_64-apple-darwin11/4.8.0/lto-wrapper
Target: x86_64-apple-darwin11
Configured with: ../gcc-4.8-20130303/configure --prefix=/opt/local --build=x86_64-apple-darwin11 --enable-languages=c,c++,objc,obj-c++,fortran,java --libdir=/opt/local/lib/gcc48 --includedir=/opt/local/include/gcc48 --infodir=/opt/local/share/info --mandir=/opt/local/share/man --datarootdir=/opt/local/share/gcc-4.8 --with-local-prefix=/opt/local --with-system-zlib --disable-nls --program-suffix=-mp-4.8 --with-gxx-include-dir=/opt/local/include/gcc48/c++/ --with-gmp=/opt/local --with-mpfr=/opt/local --with-mpc=/opt/local --with-ppl=/opt/local --with-cloog=/opt/local --enable-cloog-backend=isl --disable-cloog-version-check --enable-stage1-checking --disable-multilib --enable-lto --enable-libstdcxx-time --with-as=/opt/local/bin/as --with-ld=/opt/local/bin/ld --with-ar=/opt/local/bin/ar --with-bugurl=https://trac.macports.org/newticket --with-pkgversion='MacPorts gcc48 4.8-20130303_0'
Thread model: posix
gcc version 4.8.0 20130303 (experimental) (MacPorts gcc48 4.8-20130303_0) 
COMPILER_PATH=/opt/local/libexec/gcc/x86_64-apple-darwin11/4.8.0/:/opt/local/libexec/gcc/x86_64-apple-darwin11/4.8.0/:/opt/local/libexec/gcc/x86_64-apple-darwin11/:/opt/local/lib/gcc48/gcc/x86_64-apple-darwin11/4.8.0/:/opt/local/lib/gcc48/gcc/x86_64-apple-darwin11/
LIBRARY_PATH=/opt/local/lib/gcc48/gcc/x86_64-apple-darwin11/4.8.0/:/opt/local/lib/gcc48/gcc/x86_64-apple-darwin11/4.8.0/../../../:/usr/lib/
COLLECT_GCC_OPTIONS='-mmacosx-version-min=10.7.2' '-v' '-o' 'cmTryCompileExec' '-shared-libgcc' '-mtune=core2'
 /opt/local/libexec/gcc/x86_64-apple-darwin11/4.8.0/collect2 -dynamic -arch x86_64 -macosx_version_min 10.7.2 -weak_reference_mismatches non-weak -o cmTryCompileExec -lcrt1.10.6.o -L/opt/local/lib/gcc48/gcc/x86_64-apple-darwin11/4.8.0 -L/opt/local/lib/gcc48/gcc/x86_64-apple-darwin11/4.8.0/../../.. -search_paths_first -headerpad_max_install_names CMakeFiles/cmTryCompileExec.dir/CMakeCXXCompilerABI.cpp.o -lstdc++ -no_compact_unwind -lSystem -lgcc_ext.10.5 -lgcc -lSystem -v
collect2 version 4.8.0 20130303 (experimental)
/opt/local/bin/ld -dynamic -arch x86_64 -macosx_version_min 10.7.2 -weak_reference_mismatches non-weak -o cmTryCompileExec -lcrt1.10.6.o -L/opt/local/lib/gcc48/gcc/x86_64-apple-darwin11/4.8.0 -L/opt/local/lib/gcc48/gcc/x86_64-apple-darwin11/4.8.0/../../.. -search_paths_first -headerpad_max_install_names CMakeFiles/cmTryCompileExec.dir/CMakeCXXCompilerABI.cpp.o -lstdc++ -no_compact_unwind -lSystem -lgcc_ext.10.5 -lgcc -lSystem -v
@(#)PROGRAM:ld  PROJECT:ld64-134.9
configured to support archs: i386 x86_64
Library search paths:
	/opt/local/lib/gcc48/gcc/x86_64-apple-darwin11/4.8.0
	/opt/local/lib/gcc48
	/usr/lib
	/usr/local/lib
Framework search paths:
	/Library/Frameworks/
	/System/Library/Frameworks/


Parsed CXX implicit link information from above output:
  link line regex: [^( *|.*[/\])(ld|ld|collect2)[^/\]*( |$)]
  ignore line: [Change Dir: /Users/bumuckl/Studium/IDP/maracuja/build/CMakeFiles/CMakeTmp]
  ignore line: []
  ignore line: [Run Build Command:/usr/bin/make "cmTryCompileExec/fast"]
  ignore line: [/usr/bin/make -f CMakeFiles/cmTryCompileExec.dir/build.make CMakeFiles/cmTryCompileExec.dir/build]
  ignore line: [/usr/local/Cellar/cmake/2.8.6/bin/cmake -E cmake_progress_report /Users/bumuckl/Studium/IDP/maracuja/build/CMakeFiles/CMakeTmp/CMakeFiles 1]
  ignore line: [Building CXX object CMakeFiles/cmTryCompileExec.dir/CMakeCXXCompilerABI.cpp.o]
  ignore line: [/opt/local/bin/c++     -o CMakeFiles/cmTryCompileExec.dir/CMakeCXXCompilerABI.cpp.o -c /usr/local/Cellar/cmake/2.8.6/share/cmake/Modules/CMakeCXXCompilerABI.cpp]
  ignore line: [Linking CXX executable cmTryCompileExec]
  ignore line: [/usr/local/Cellar/cmake/2.8.6/bin/cmake -E cmake_link_script CMakeFiles/cmTryCompileExec.dir/link.txt --verbose=1]
  ignore line: [/opt/local/bin/c++       -Wl,-search_paths_first -Wl,-headerpad_max_install_names -v CMakeFiles/cmTryCompileExec.dir/CMakeCXXCompilerABI.cpp.o  -o cmTryCompileExec   ]
  ignore line: [Using built-in specs.]
  ignore line: [COLLECT_GCC=/opt/local/bin/c++]
  ignore line: [COLLECT_LTO_WRAPPER=/opt/local/libexec/gcc/x86_64-apple-darwin11/4.8.0/lto-wrapper]
  ignore line: [Target: x86_64-apple-darwin11]
  ignore line: [Configured with: ../gcc-4.8-20130303/configure --prefix=/opt/local --build=x86_64-apple-darwin11 --enable-languages=c,c++,objc,obj-c++,fortran,java --libdir=/opt/local/lib/gcc48 --includedir=/opt/local/include/gcc48 --infodir=/opt/local/share/info --mandir=/opt/local/share/man --datarootdir=/opt/local/share/gcc-4.8 --with-local-prefix=/opt/local --with-system-zlib --disable-nls --program-suffix=-mp-4.8 --with-gxx-include-dir=/opt/local/include/gcc48/c++/ --with-gmp=/opt/local --with-mpfr=/opt/local --with-mpc=/opt/local --with-ppl=/opt/local --with-cloog=/opt/local --enable-cloog-backend=isl --disable-cloog-version-check --enable-stage1-checking --disable-multilib --enable-lto --enable-libstdcxx-time --with-as=/opt/local/bin/as --with-ld=/opt/local/bin/ld --with-ar=/opt/local/bin/ar --with-bugurl=https://trac.macports.org/newticket --with-pkgversion='MacPorts gcc48 4.8-20130303_0']
  ignore line: [Thread model: posix]
  ignore line: [gcc version 4.8.0 20130303 (experimental) (MacPorts gcc48 4.8-20130303_0) ]
  ignore line: [COMPILER_PATH=/opt/local/libexec/gcc/x86_64-apple-darwin11/4.8.0/:/opt/local/libexec/gcc/x86_64-apple-darwin11/4.8.0/:/opt/local/libexec/gcc/x86_64-apple-darwin11/:/opt/local/lib/gcc48/gcc/x86_64-apple-darwin11/4.8.0/:/opt/local/lib/gcc48/gcc/x86_64-apple-darwin11/]
  ignore line: [LIBRARY_PATH=/opt/local/lib/gcc48/gcc/x86_64-apple-darwin11/4.8.0/:/opt/local/lib/gcc48/gcc/x86_64-apple-darwin11/4.8.0/../../../:/usr/lib/]
  ignore line: [COLLECT_GCC_OPTIONS='-mmacosx-version-min=10.7.2' '-v' '-o' 'cmTryCompileExec' '-shared-libgcc' '-mtune=core2']
  link line: [ /opt/local/libexec/gcc/x86_64-apple-darwin11/4.8.0/collect2 -dynamic -arch x86_64 -macosx_version_min 10.7.2 -weak_reference_mismatches non-weak -o cmTryCompileExec -lcrt1.10.6.o -L/opt/local/lib/gcc48/gcc/x86_64-apple-darwin11/4.8.0 -L/opt/local/lib/gcc48/gcc/x86_64-apple-darwin11/4.8.0/../../.. -search_paths_first -headerpad_max_install_names CMakeFiles/cmTryCompileExec.dir/CMakeCXXCompilerABI.cpp.o -lstdc++ -no_compact_unwind -lSystem -lgcc_ext.10.5 -lgcc -lSystem -v]
    arg [/opt/local/libexec/gcc/x86_64-apple-darwin11/4.8.0/collect2] ==> ignore
    arg [-dynamic] ==> ignore
    arg [-arch] ==> ignore
    arg [x86_64] ==> ignore
    arg [-macosx_version_min] ==> ignore
    arg [10.7.2] ==> ignore
    arg [-weak_reference_mismatches] ==> ignore
    arg [non-weak] ==> ignore
    arg [-o] ==> ignore
    arg [cmTryCompileExec] ==> ignore
    arg [-lcrt1.10.6.o] ==> lib [crt1.10.6.o]
    arg [-L/opt/local/lib/gcc48/gcc/x86_64-apple-darwin11/4.8.0] ==> dir [/opt/local/lib/gcc48/gcc/x86_64-apple-darwin11/4.8.0]
    arg [-L/opt/local/lib/gcc48/gcc/x86_64-apple-darwin11/4.8.0/../../..] ==> dir [/opt/local/lib/gcc48/gcc/x86_64-apple-darwin11/4.8.0/../../..]
    arg [-search_paths_first] ==> ignore
    arg [-headerpad_max_install_names] ==> ignore
    arg [CMakeFiles/cmTryCompileExec.dir/CMakeCXXCompilerABI.cpp.o] ==> ignore
    arg [-lstdc++] ==> lib [stdc++]
    arg [-no_compact_unwind] ==> ignore
    arg [-lSystem] ==> lib [System]
    arg [-lgcc_ext.10.5] ==> lib [gcc_ext.10.5]
    arg [-lgcc] ==> lib [gcc]
    arg [-lSystem] ==> lib [System]
    arg [-v] ==> ignore
  remove lib [crt1.10.6.o]
  remove lib [System]
  remove lib [gcc_ext.10.5]
  remove lib [gcc]
  remove lib [System]
  collapse dir [/opt/local/lib/gcc48/gcc/x86_64-apple-darwin11/4.8.0] ==> [/opt/local/lib/gcc48/gcc/x86_64-apple-darwin11/4.8.0]
  collapse dir [/opt/local/lib/gcc48/gcc/x86_64-apple-darwin11/4.8.0/../../..] ==> [/opt/local/lib/gcc48]
  implicit libs: [stdc++]
  implicit dirs: [/opt/local/lib/gcc48/gcc/x86_64-apple-darwin11/4.8.0;/opt/local/lib/gcc48]


Performing C SOURCE FILE Test OpenMP_FLAG_DETECTED succeded with the following output:
Change Dir: /Users/bumuckl/Studium/IDP/maracuja/build/CMakeFiles/CMakeTmp

Run Build Command:/usr/bin/make "cmTryCompileExec/fast"
/usr/bin/make -f CMakeFiles/cmTryCompileExec.dir/build.make CMakeFiles/cmTryCompileExec.dir/build
/usr/local/Cellar/cmake/2.8.6/bin/cmake -E cmake_progress_report /Users/bumuckl/Studium/IDP/maracuja/build/CMakeFiles/CMakeTmp/CMakeFiles 1
Building C object CMakeFiles/cmTryCompileExec.dir/src.c.o
/opt/local/bin/gcc   -DOpenMP_FLAG_DETECTED -fopenmp   -o CMakeFiles/cmTryCompileExec.dir/src.c.o   -c /Users/bumuckl/Studium/IDP/maracuja/build/CMakeFiles/CMakeTmp/src.c
Linking C executable cmTryCompileExec
/usr/local/Cellar/cmake/2.8.6/bin/cmake -E cmake_link_script CMakeFiles/cmTryCompileExec.dir/link.txt --verbose=1
/opt/local/bin/gcc     -DOpenMP_FLAG_DETECTED -fopenmp -Wl,-search_paths_first -Wl,-headerpad_max_install_names   CMakeFiles/cmTryCompileExec.dir/src.c.o  -o cmTryCompileExec  

Source file was:

#include <omp.h>
int main() { 
#ifdef _OPENMP
  return 0; 
#else
  breaks_on_purpose
#endif
}

Performing C++ SOURCE FILE Test OpenMP_FLAG_DETECTED succeded with the following output:
Change Dir: /Users/bumuckl/Studium/IDP/maracuja/build/CMakeFiles/CMakeTmp

Run Build Command:/usr/bin/make "cmTryCompileExec/fast"
/usr/bin/make -f CMakeFiles/cmTryCompileExec.dir/build.make CMakeFiles/cmTryCompileExec.dir/build
/usr/local/Cellar/cmake/2.8.6/bin/cmake -E cmake_progress_report /Users/bumuckl/Studium/IDP/maracuja/build/CMakeFiles/CMakeTmp/CMakeFiles 1
Building CXX object CMakeFiles/cmTryCompileExec.dir/src.cxx.o
/opt/local/bin/c++    --std=c++0x  -DOpenMP_FLAG_DETECTED -fopenmp   -o CMakeFiles/cmTryCompileExec.dir/src.cxx.o -c /Users/bumuckl/Studium/IDP/maracuja/build/CMakeFiles/CMakeTmp/src.cxx
Linking CXX executable cmTryCompileExec
/usr/local/Cellar/cmake/2.8.6/bin/cmake -E cmake_link_script CMakeFiles/cmTryCompileExec.dir/link.txt --verbose=1
/opt/local/bin/c++     --std=c++0x  -DOpenMP_FLAG_DETECTED -fopenmp -Wl,-search_paths_first -Wl,-headerpad_max_install_names   CMakeFiles/cmTryCompileExec.dir/src.cxx.o  -o cmTryCompileExec  

Source file was:

#include <omp.h>
int main() { 
#ifdef _OPENMP
  return 0; 
#else
  breaks_on_purpose
#endif
}

Determining if the Q_WS_MAC exist passed with the following output:
Change Dir: /Users/bumuckl/Studium/IDP/maracuja/build/CMakeFiles/CMakeTmp

Run Build Command:/usr/bin/make "cmTryCompileExec/fast"
/usr/bin/make -f CMakeFiles/cmTryCompileExec.dir/build.make CMakeFiles/cmTryCompileExec.dir/build
/usr/local/Cellar/cmake/2.8.6/bin/cmake -E cmake_progress_report /Users/bumuckl/Studium/IDP/maracuja/build/CMakeFiles/CMakeTmp/CMakeFiles 1
Building CXX object CMakeFiles/cmTryCompileExec.dir/CheckSymbolExists.cxx.o
/opt/local/bin/c++    -F/Library/Frameworks    -o CMakeFiles/cmTryCompileExec.dir/CheckSymbolExists.cxx.o -c /Users/bumuckl/Studium/IDP/maracuja/build/CMakeFiles/CMakeTmp/CheckSymbolExists.cxx
Linking CXX executable cmTryCompileExec
/usr/local/Cellar/cmake/2.8.6/bin/cmake -E cmake_link_script CMakeFiles/cmTryCompileExec.dir/link.txt --verbose=1
/opt/local/bin/c++       -Wl,-search_paths_first -Wl,-headerpad_max_install_names   CMakeFiles/cmTryCompileExec.dir/CheckSymbolExists.cxx.o  -o cmTryCompileExec  

File /Users/bumuckl/Studium/IDP/maracuja/build/CMakeFiles/CMakeTmp/CheckSymbolExists.cxx:
/* */
#include <QtCore/qglobal.h>

void cmakeRequireSymbol(int dummy,...){(void)dummy;}
int main()
{
#ifndef Q_WS_MAC
  cmakeRequireSymbol(0,&Q_WS_MAC);
#endif
  return 0;
}

Determining if the QT_MAC_USE_COCOA exist passed with the following output:
Change Dir: /Users/bumuckl/Studium/IDP/maracuja/build/CMakeFiles/CMakeTmp

Run Build Command:/usr/bin/make "cmTryCompileExec/fast"
/usr/bin/make -f CMakeFiles/cmTryCompileExec.dir/build.make CMakeFiles/cmTryCompileExec.dir/build
/usr/local/Cellar/cmake/2.8.6/bin/cmake -E cmake_progress_report /Users/bumuckl/Studium/IDP/maracuja/build/CMakeFiles/CMakeTmp/CMakeFiles 1
Building CXX object CMakeFiles/cmTryCompileExec.dir/CheckSymbolExists.cxx.o
/opt/local/bin/c++    -F/Library/Frameworks    -o CMakeFiles/cmTryCompileExec.dir/CheckSymbolExists.cxx.o -c /Users/bumuckl/Studium/IDP/maracuja/build/CMakeFiles/CMakeTmp/CheckSymbolExists.cxx
Linking CXX executable cmTryCompileExec
/usr/local/Cellar/cmake/2.8.6/bin/cmake -E cmake_link_script CMakeFiles/cmTryCompileExec.dir/link.txt --verbose=1
/opt/local/bin/c++       -Wl,-search_paths_first -Wl,-headerpad_max_install_names   CMakeFiles/cmTryCompileExec.dir/CheckSymbolExists.cxx.o  -o cmTryCompileExec  

File /Users/bumuckl/Studium/IDP/maracuja/build/CMakeFiles/CMakeTmp/CheckSymbolExists.cxx:
/* */
#include <QtCore/qconfig.h>

void cmakeRequireSymbol(int dummy,...){(void)dummy;}
int main()
{
#ifndef QT_MAC_USE_COCOA
  cmakeRequireSymbol(0,&QT_MAC_USE_COCOA);
#endif
  return 0;
}

