Determining if the Q_WS_X11 exist failed with the following output:
Change Dir: /Users/bumuckl/Studium/IDP/maracuja/build/CMakeFiles/CMakeTmp

Run Build Command:/usr/bin/make "cmTryCompileExec/fast"
/usr/bin/make -f CMakeFiles/cmTryCompileExec.dir/build.make CMakeFiles/cmTryCompileExec.dir/build
/usr/local/Cellar/cmake/2.8.6/bin/cmake -E cmake_progress_report /Users/bumuckl/Studium/IDP/maracuja/build/CMakeFiles/CMakeTmp/CMakeFiles 1
Building CXX object CMakeFiles/cmTryCompileExec.dir/CheckSymbolExists.cxx.o
/opt/local/bin/c++    -F/Library/Frameworks    -o CMakeFiles/cmTryCompileExec.dir/CheckSymbolExists.cxx.o -c /Users/bumuckl/Studium/IDP/maracuja/build/CMakeFiles/CMakeTmp/CheckSymbolExists.cxx
/Users/bumuckl/Studium/IDP/maracuja/build/CMakeFiles/CMakeTmp/CheckSymbolExists.cxx: In function 'int main()':
/Users/bumuckl/Studium/IDP/maracuja/build/CMakeFiles/CMakeTmp/CheckSymbolExists.cxx:8:25: error: 'Q_WS_X11' was not declared in this scope
   cmakeRequireSymbol(0,&Q_WS_X11);
                         ^
make[1]: *** [CMakeFiles/cmTryCompileExec.dir/CheckSymbolExists.cxx.o] Error 1
make: *** [cmTryCompileExec/fast] Error 2

File /Users/bumuckl/Studium/IDP/maracuja/build/CMakeFiles/CMakeTmp/CheckSymbolExists.cxx:
/* */
#include <QtCore/qglobal.h>

void cmakeRequireSymbol(int dummy,...){(void)dummy;}
int main()
{
#ifndef Q_WS_X11
  cmakeRequireSymbol(0,&Q_WS_X11);
#endif
  return 0;
}

Determining if the Q_WS_WIN exist failed with the following output:
Change Dir: /Users/bumuckl/Studium/IDP/maracuja/build/CMakeFiles/CMakeTmp

Run Build Command:/usr/bin/make "cmTryCompileExec/fast"
/usr/bin/make -f CMakeFiles/cmTryCompileExec.dir/build.make CMakeFiles/cmTryCompileExec.dir/build
/usr/local/Cellar/cmake/2.8.6/bin/cmake -E cmake_progress_report /Users/bumuckl/Studium/IDP/maracuja/build/CMakeFiles/CMakeTmp/CMakeFiles 1
Building CXX object CMakeFiles/cmTryCompileExec.dir/CheckSymbolExists.cxx.o
/opt/local/bin/c++    -F/Library/Frameworks    -o CMakeFiles/cmTryCompileExec.dir/CheckSymbolExists.cxx.o -c /Users/bumuckl/Studium/IDP/maracuja/build/CMakeFiles/CMakeTmp/CheckSymbolExists.cxx
/Users/bumuckl/Studium/IDP/maracuja/build/CMakeFiles/CMakeTmp/CheckSymbolExists.cxx: In function 'int main()':
/Users/bumuckl/Studium/IDP/maracuja/build/CMakeFiles/CMakeTmp/CheckSymbolExists.cxx:8:25: error: 'Q_WS_WIN' was not declared in this scope
   cmakeRequireSymbol(0,&Q_WS_WIN);
                         ^
make[1]: *** [CMakeFiles/cmTryCompileExec.dir/CheckSymbolExists.cxx.o] Error 1
make: *** [cmTryCompileExec/fast] Error 2

File /Users/bumuckl/Studium/IDP/maracuja/build/CMakeFiles/CMakeTmp/CheckSymbolExists.cxx:
/* */
#include <QtCore/qglobal.h>

void cmakeRequireSymbol(int dummy,...){(void)dummy;}
int main()
{
#ifndef Q_WS_WIN
  cmakeRequireSymbol(0,&Q_WS_WIN);
#endif
  return 0;
}

Determining if the Q_WS_QWS exist failed with the following output:
Change Dir: /Users/bumuckl/Studium/IDP/maracuja/build/CMakeFiles/CMakeTmp

Run Build Command:/usr/bin/make "cmTryCompileExec/fast"
/usr/bin/make -f CMakeFiles/cmTryCompileExec.dir/build.make CMakeFiles/cmTryCompileExec.dir/build
/usr/local/Cellar/cmake/2.8.6/bin/cmake -E cmake_progress_report /Users/bumuckl/Studium/IDP/maracuja/build/CMakeFiles/CMakeTmp/CMakeFiles 1
Building CXX object CMakeFiles/cmTryCompileExec.dir/CheckSymbolExists.cxx.o
/opt/local/bin/c++    -F/Library/Frameworks    -o CMakeFiles/cmTryCompileExec.dir/CheckSymbolExists.cxx.o -c /Users/bumuckl/Studium/IDP/maracuja/build/CMakeFiles/CMakeTmp/CheckSymbolExists.cxx
/Users/bumuckl/Studium/IDP/maracuja/build/CMakeFiles/CMakeTmp/CheckSymbolExists.cxx: In function 'int main()':
/Users/bumuckl/Studium/IDP/maracuja/build/CMakeFiles/CMakeTmp/CheckSymbolExists.cxx:8:25: error: 'Q_WS_QWS' was not declared in this scope
   cmakeRequireSymbol(0,&Q_WS_QWS);
                         ^
make[1]: *** [CMakeFiles/cmTryCompileExec.dir/CheckSymbolExists.cxx.o] Error 1
make: *** [cmTryCompileExec/fast] Error 2

File /Users/bumuckl/Studium/IDP/maracuja/build/CMakeFiles/CMakeTmp/CheckSymbolExists.cxx:
/* */
#include <QtCore/qglobal.h>

void cmakeRequireSymbol(int dummy,...){(void)dummy;}
int main()
{
#ifndef Q_WS_QWS
  cmakeRequireSymbol(0,&Q_WS_QWS);
#endif
  return 0;
}

