Determining if the Q_WS_WIN exist failed with the following output:
Change Dir: /home/bumuckl/IDP/maracuja/ubuild/CMakeFiles/CMakeTmp

Run Build Command:/usr/bin/make "cmTryCompileExec2369093115/fast"
/usr/bin/make -f CMakeFiles/cmTryCompileExec2369093115.dir/build.make CMakeFiles/cmTryCompileExec2369093115.dir/build
make[1]: Betrete Verzeichnis '/home/bumuckl/IDP/maracuja/ubuild/CMakeFiles/CMakeTmp'
/usr/bin/cmake -E cmake_progress_report /home/bumuckl/IDP/maracuja/ubuild/CMakeFiles/CMakeTmp/CMakeFiles 1
Building CXX object CMakeFiles/cmTryCompileExec2369093115.dir/CheckSymbolExists.cxx.o
/usr/bin/c++    -I/usr/include/qt4    -o CMakeFiles/cmTryCompileExec2369093115.dir/CheckSymbolExists.cxx.o -c /home/bumuckl/IDP/maracuja/ubuild/CMakeFiles/CMakeTmp/CheckSymbolExists.cxx
/home/bumuckl/IDP/maracuja/ubuild/CMakeFiles/CMakeTmp/CheckSymbolExists.cxx: In Funktion »int main(int, char**)«:
/home/bumuckl/IDP/maracuja/ubuild/CMakeFiles/CMakeTmp/CheckSymbolExists.cxx:8:19: Fehler: »Q_WS_WIN« wurde in diesem Gültigkeitsbereich nicht definiert
make[1]: *** [CMakeFiles/cmTryCompileExec2369093115.dir/CheckSymbolExists.cxx.o] Fehler 1
make[1]: Verlasse Verzeichnis '/home/bumuckl/IDP/maracuja/ubuild/CMakeFiles/CMakeTmp'
make: *** [cmTryCompileExec2369093115/fast] Fehler 2

File /home/bumuckl/IDP/maracuja/ubuild/CMakeFiles/CMakeTmp/CheckSymbolExists.cxx:
/* */
#include <QtCore/qglobal.h>

int main(int argc, char** argv)
{
  (void)argv;
#ifndef Q_WS_WIN
  return ((int*)(&Q_WS_WIN))[argc];
#else
  (void)argc;
  return 0;
#endif
}

Determining if the Q_WS_QWS exist failed with the following output:
Change Dir: /home/bumuckl/IDP/maracuja/ubuild/CMakeFiles/CMakeTmp

Run Build Command:/usr/bin/make "cmTryCompileExec1926994250/fast"
/usr/bin/make -f CMakeFiles/cmTryCompileExec1926994250.dir/build.make CMakeFiles/cmTryCompileExec1926994250.dir/build
make[1]: Betrete Verzeichnis '/home/bumuckl/IDP/maracuja/ubuild/CMakeFiles/CMakeTmp'
/usr/bin/cmake -E cmake_progress_report /home/bumuckl/IDP/maracuja/ubuild/CMakeFiles/CMakeTmp/CMakeFiles 1
Building CXX object CMakeFiles/cmTryCompileExec1926994250.dir/CheckSymbolExists.cxx.o
/usr/bin/c++    -I/usr/include/qt4    -o CMakeFiles/cmTryCompileExec1926994250.dir/CheckSymbolExists.cxx.o -c /home/bumuckl/IDP/maracuja/ubuild/CMakeFiles/CMakeTmp/CheckSymbolExists.cxx
/home/bumuckl/IDP/maracuja/ubuild/CMakeFiles/CMakeTmp/CheckSymbolExists.cxx: In Funktion »int main(int, char**)«:
/home/bumuckl/IDP/maracuja/ubuild/CMakeFiles/CMakeTmp/CheckSymbolExists.cxx:8:19: Fehler: »Q_WS_QWS« wurde in diesem Gültigkeitsbereich nicht definiert
make[1]: *** [CMakeFiles/cmTryCompileExec1926994250.dir/CheckSymbolExists.cxx.o] Fehler 1
make[1]: Verlasse Verzeichnis '/home/bumuckl/IDP/maracuja/ubuild/CMakeFiles/CMakeTmp'
make: *** [cmTryCompileExec1926994250/fast] Fehler 2

File /home/bumuckl/IDP/maracuja/ubuild/CMakeFiles/CMakeTmp/CheckSymbolExists.cxx:
/* */
#include <QtCore/qglobal.h>

int main(int argc, char** argv)
{
  (void)argv;
#ifndef Q_WS_QWS
  return ((int*)(&Q_WS_QWS))[argc];
#else
  (void)argc;
  return 0;
#endif
}

Determining if the Q_WS_MAC exist failed with the following output:
Change Dir: /home/bumuckl/IDP/maracuja/ubuild/CMakeFiles/CMakeTmp

Run Build Command:/usr/bin/make "cmTryCompileExec1762744273/fast"
/usr/bin/make -f CMakeFiles/cmTryCompileExec1762744273.dir/build.make CMakeFiles/cmTryCompileExec1762744273.dir/build
make[1]: Betrete Verzeichnis '/home/bumuckl/IDP/maracuja/ubuild/CMakeFiles/CMakeTmp'
/usr/bin/cmake -E cmake_progress_report /home/bumuckl/IDP/maracuja/ubuild/CMakeFiles/CMakeTmp/CMakeFiles 1
Building CXX object CMakeFiles/cmTryCompileExec1762744273.dir/CheckSymbolExists.cxx.o
/usr/bin/c++    -I/usr/include/qt4    -o CMakeFiles/cmTryCompileExec1762744273.dir/CheckSymbolExists.cxx.o -c /home/bumuckl/IDP/maracuja/ubuild/CMakeFiles/CMakeTmp/CheckSymbolExists.cxx
/home/bumuckl/IDP/maracuja/ubuild/CMakeFiles/CMakeTmp/CheckSymbolExists.cxx: In Funktion »int main(int, char**)«:
/home/bumuckl/IDP/maracuja/ubuild/CMakeFiles/CMakeTmp/CheckSymbolExists.cxx:8:19: Fehler: »Q_WS_MAC« wurde in diesem Gültigkeitsbereich nicht definiert
make[1]: Verlasse Verzeichnis '/home/bumuckl/IDP/maracuja/ubuild/CMakeFiles/CMakeTmp'
make[1]: *** [CMakeFiles/cmTryCompileExec1762744273.dir/CheckSymbolExists.cxx.o] Fehler 1
make: *** [cmTryCompileExec1762744273/fast] Fehler 2

File /home/bumuckl/IDP/maracuja/ubuild/CMakeFiles/CMakeTmp/CheckSymbolExists.cxx:
/* */
#include <QtCore/qglobal.h>

int main(int argc, char** argv)
{
  (void)argv;
#ifndef Q_WS_MAC
  return ((int*)(&Q_WS_MAC))[argc];
#else
  (void)argc;
  return 0;
#endif
}

